Solid Edge Translation To 3MF
Date: Dienstag,Juli 15,2025 08:57
Output File: C:\Users\fynnm\OneDrive\Dokumente\CAD\SOLID EDGE\IOTbot-Camcage.3mf
Author: Unknown
Organization: Unknown
Source System: SOLID EDGE

Hardware:
Processor: 13th Gen Intel(R) Core(TM) i7-1355U
Operating System: Windows 10
Installed Memory: 15.71 GB

Software Information:
Parasolid Version: 37.0.118
PSBodyshop Version: 37.0.94
3MF Adapter Version: 15.0.142
Solid Edge Version: 225.00.01.004 x64

3MF Export Options
Export Construction Solids:Off
Export Displayed Parts:Off
Enable Logging:On
AllowInvalid3mfObjects:Off
Export Flatten Assembly:On
Export Units:Millimeters
Export Tolerance Value:0.001000
Export Tolerance Type:Fine
Export Surface Plane Angle Value:0.523599
Export Author:Unknown
Export Description:Unknown
Export Organization:Unknown
Export Program Name:Unknown

Translation progress:
Phase 1 of 1 Translating Parasolid to foreign data types...
Translation process completed
Time required to translate:00 : 00 : 00
